
> collabrix-frontend@1.0.0 dev
> vite --host 127.0.0.1


  VITE v6.4.1  ready in 138 ms

  ➜  Local:   http://127.0.0.1:5173/
  ➜  press h + enter to show help
11:42:37 AM [vite] (client) hmr update /src/components/graph/CollaborationGraph.jsx, /src/index.css
11:42:48 AM [vite] (client) hmr update /src/components/graph/CollaborationGraph.jsx, /src/index.css
11:43:30 AM [vite] (client) hmr update /src/components/graph/CollaborationGraph.jsx, /src/index.css
2:41:15 PM [vite] (client) hmr update /src/App.jsx, /src/index.css, /src/components/layout/Sidebar.jsx, /src/components/common/Badge.jsx, /src/pages/DashboardPage.jsx, /src/components/connections/PendingRequestCard.jsx, /src/components/graph/CollaborationGraph.jsx, /src/components/graph/NodeDetailModal.jsx, /src/components/connections/ConnectionCard.jsx, /src/pages/FeedbackPage.jsx, /src/components/feedback/FeedbackTable.jsx, /src/pages/EmployeesPage.jsx, /src/pages/AddConnectionPage.jsx, /src/pages/ManagerPage.jsx
2:42:24 PM [vite] (client) hmr update /src/components/graph/NodeDetailModal.jsx, /src/index.css
2:43:05 PM [vite] (client) hmr update /src/components/graph/NodeDetailModal.jsx, /src/index.css
2:51:35 PM [vite] (client) hmr update /src/components/graph/NodeDetailModal.jsx, /src/index.css
2:53:39 PM [vite] (client) hmr update /src/components/graph/NodeDetailModal.jsx, /src/index.css
3:10:28 PM [vite] (client) hmr update /src/components/graph/NodeDetailModal.jsx, /src/index.css
3:10:46 PM [vite] (client) hmr update /src/components/graph/NodeDetailModal.jsx, /src/index.css
3:11:14 PM [vite] (client) hmr update /src/components/graph/NodeDetailModal.jsx, /src/index.css
3:11:39 PM [vite] (client) hmr update /src/components/graph/NodeDetailModal.jsx, /src/index.css
3:11:58 PM [vite] (client) hmr update /src/components/graph/NodeDetailModal.jsx, /src/index.css
3:12:16 PM [vite] (client) hmr update /src/components/graph/NodeDetailModal.jsx, /src/index.css
3:12:28 PM [vite] (client) hmr update /src/components/graph/NodeDetailModal.jsx, /src/index.css
3:12:50 PM [vite] (client) hmr update /src/components/graph/NodeDetailModal.jsx, /src/index.css
3:30:55 PM [vite] (client) hmr update /src/index.css, /src/pages/DashboardPage.jsx, /src/components/graph/NodeDetailModal.jsx, /src/pages/FeedbackPage.jsx
3:31:33 PM [vite] (client) hmr update /src/components/graph/NodeDetailModal.jsx, /src/index.css
3:31:44 PM [vite] (client) hmr update /src/components/graph/NodeDetailModal.jsx, /src/index.css
12:18:38 PM [vite] (client) hmr update /src/components/layout/Sidebar.jsx, /src/index.css
12:20:10 PM [vite] (client) hmr update /src/components/layout/Sidebar.jsx, /src/index.css
12:20:19 PM [vite] (client) hmr update /src/components/layout/Sidebar.jsx, /src/index.css
12:20:44 PM [vite] (client) hmr update /src/components/layout/Sidebar.jsx, /src/index.css
12:20:48 PM [vite] (client) hmr update /src/components/layout/Sidebar.jsx, /src/index.css
12:21:14 PM [vite] (client) hmr update /src/components/layout/Sidebar.jsx, /src/index.css
12:21:17 PM [vite] (client) hmr update /src/components/layout/Sidebar.jsx, /src/index.css
12:21:56 PM [vite] (client) hmr update /src/components/layout/Sidebar.jsx, /src/index.css
12:23:06 PM [vite] (client) hmr update /src/App.jsx, /src/index.css
12:23:36 PM [vite] (client) hmr update /src/App.jsx, /src/index.css
12:23:50 PM [vite] (client) hmr update /src/App.jsx, /src/index.css
12:24:07 PM [vite] (client) hmr update /src/App.jsx, /src/index.css
1:13:54 PM [vite] (client) hmr update /src/pages/DashboardPage.jsx, /src/index.css
1:15:00 PM [vite] (client) hmr update /src/components/layout/Header.jsx, /src/index.css
1:15:42 PM [vite] (client) hmr update /src/components/layout/Sidebar.jsx, /src/index.css
1:17:17 PM [vite] (client) hmr update /src/components/graph/NodeDetailModal.jsx, /src/index.css
1:17:26 PM [vite] (client) hmr update /src/components/graph/NodeDetailModal.jsx, /src/index.css
1:18:10 PM [vite] (client) hmr update /src/index.css
1:18:25 PM [vite] (client) hmr update /src/components/layout/AppLayout.jsx, /src/index.css
12:53:22 PM [vite] (client) hmr update /src/index.css, /src/pages/DashboardPage.jsx, /src/pages/MyConnectionsPage.jsx, /src/pages/EmployeesPage.jsx, /src/pages/ManagerPage.jsx
12:53:37 PM [vite] (client) hmr update /src/pages/DashboardPage.jsx, /src/index.css
12:53:55 PM [vite] (client) hmr update /src/pages/DashboardPage.jsx, /src/index.css
12:54:27 PM [vite] (client) hmr update /src/pages/MyConnectionsPage.jsx, /src/index.css
12:54:33 PM [vite] (client) hmr update /src/pages/DashboardPage.jsx, /src/index.css
1:09:14 PM [vite] (client) hmr update /src/components/graph/CollaborationGraph.jsx, /src/index.css
1:14:34 PM [vite] vite.config.js changed, restarting server...
1:14:34 PM [vite] server restarted.
1:57:34 PM [vite] (client) hmr update /src/components/graph/CollaborationGraph.jsx, /src/index.css
1:57:36 PM [vite] (client) hmr update /src/components/graph/CollaborationGraph.jsx, /src/index.css
2:26:14 PM [vite] (client) hmr update /src/components/graph/CollaborationGraph.jsx, /src/index.css
2:26:32 PM [vite] (client) hmr update /src/components/graph/CollaborationGraph.jsx, /src/index.css
2:26:41 PM [vite] (client) hmr update /src/components/graph/CollaborationGraph.jsx, /src/index.css
2:26:49 PM [vite] (client) hmr update /src/components/graph/CollaborationGraph.jsx, /src/index.css
2:26:53 PM [vite] (client) hmr update /src/components/graph/CollaborationGraph.jsx, /src/index.css
2:26:57 PM [vite] (client) hmr update /src/components/graph/CollaborationGraph.jsx, /src/index.css
2:31:58 PM [vite] (client) hmr update /src/components/graph/CollaborationGraph.jsx, /src/index.css
2:38:38 PM [vite] (client) hmr update /src/components/graph/CollaborationGraph.jsx, /src/index.css
2:38:55 PM [vite] (client) hmr update /src/components/graph/CollaborationGraph.jsx, /src/index.css
2:39:10 PM [vite] (client) hmr update /src/components/graph/CollaborationGraph.jsx, /src/index.css
2:39:16 PM [vite] (client) hmr update /src/components/graph/CollaborationGraph.jsx, /src/index.css
2:45:17 PM [vite] (client) hmr update /src/index.css, /src/pages/DashboardPage.jsx, /src/components/graph/NodeDetailModal.jsx, /src/pages/FeedbackPage.jsx
2:45:23 PM [vite] (client) hmr update /src/index.css, /src/pages/DashboardPage.jsx, /src/components/graph/NodeDetailModal.jsx, /src/pages/FeedbackPage.jsx
2:45:31 PM [vite] (client) hmr update /src/pages/FeedbackPage.jsx, /src/index.css
2:45:40 PM [vite] (client) hmr update /src/pages/FeedbackPage.jsx, /src/index.css
2:45:48 PM [vite] (client) hmr update /src/pages/FeedbackPage.jsx, /src/index.css
2:45:53 PM [vite] (client) hmr update /src/pages/FeedbackPage.jsx, /src/index.css
2:46:06 PM [vite] (client) hmr update /src/pages/FeedbackPage.jsx, /src/index.css
2:47:55 PM [vite] (client) hmr update /src/pages/FeedbackPage.jsx, /src/index.css
3:27:04 PM [vite] (client) hmr update /src/components/graph/CollaborationGraph.jsx, /src/index.css
3:27:11 PM [vite] (client) hmr update /src/components/graph/CollaborationGraph.jsx, /src/index.css
3:27:18 PM [vite] (client) hmr update /src/components/graph/CollaborationGraph.jsx, /src/index.css
3:31:59 PM [vite] (client) hmr update /src/components/graph/CollaborationGraph.jsx, /src/index.css
